4.227843350984671345e-01
4.227843350984671345e-01
4.227843350984671345e-01
4.227843350984671345e-01
4.227843350984671345e-01
4.227843350984671345e-01
4.227843350984671345e-01
4.227843350984671345e-01
4.227843350984671345e-01
4.227843350984671345e-01
4.227843350984671345e-01
4.227843350984671345e-01
4.227843350984671345e-01
4.227843350984671345e-01
4.227843350984671345e-01
4.227843350984671345e-01
4.227843350984671345e-01
4.227843350984671345e-01
4.227843350984671345e-01
4.227843350984671345e-01
4.227843350984671345e-01
4.227843350984671345e-01
4.227843350984671345e-01
4.227843350984671345e-01
4.227843350984671345e-01
4.227843350984671345e-01
4.227843350984671345e-01
4.227843350984671345e-01
4.227843350984671345e-01
4.227843350984671345e-01
4.227843350984671345e-01
4.227843350984671345e-01
4.227843350984671345e-01
4.227843350984671345e-01
4.227843350984671345e-01
4.227843350984671345e-01
4.227843350984671345e-01
4.227843350984671345e-01
4.227843350984671345e-01
4.227843350984671345e-01
4.227843350984671345e-01
4.227843350984671345e-01
4.227843350984671345e-01
4.227843350984671345e-01
4.227843350984671345e-01
4.227843350984671345e-01
4.227843350984671345e-01
4.227843350984671345e-01
4.227843350984671345e-01
4.227843350984671345e-01
4.227843350984671345e-01
4.227843350984671345e-01
4.227843350984671345e-01
4.227843350984671345e-01
4.227843350984671345e-01
4.227843350984671345e-01
4.227843350984671345e-01
4.227843350984671345e-01
4.227843350984671345e-01
4.227843350984671345e-01
4.227843350984671345e-01
4.227843350984671345e-01
4.227843350984671345e-01
4.227843350984671345e-01
4.227843350984671345e-01
4.227843350984671345e-01
4.227843350984671345e-01
4.227843350984671345e-01
4.227843350984671345e-01
4.227843350984671345e-01
4.227843350984671345e-01
4.227843350984671345e-01
4.227843350984671345e-01
4.227843350984671345e-01
4.227843350984671345e-01
4.227843350984671345e-01
4.227843350984671345e-01
4.227843350984671345e-01
4.227843350984671345e-01
4.227843350984671345e-01
4.227843350984671345e-01
4.227843350984671345e-01
4.227843350984671345e-01
4.227843350984671345e-01
4.227843350984671345e-01
4.227843350984671345e-01
4.227843350984671345e-01
4.227843350984671345e-01
4.227843350984671345e-01
4.227843350984671345e-01
4.227843350984671345e-01
4.227843350984671345e-01
4.227843350984671345e-01
2.296371545385218482e-01
2.296371545385218482e-01
2.296371545385218482e-01
2.296371545385218482e-01
2.296371545385218482e-01
2.296371545385218482e-01
2.296371545385218482e-01
2.296371545385218482e-01
2.296371545385218482e-01
2.296371545385218482e-01
2.296371545385218482e-01
2.296371545385218482e-01
2.296371545385218482e-01
2.296371545385218482e-01
2.296371545385218482e-01
2.296371545385218482e-01
2.296371545385218482e-01
2.296371545385218482e-01
2.296371545385218482e-01
2.296371545385218482e-01
2.296371545385218482e-01
2.296371545385218482e-01
2.296371545385218482e-01
2.296371545385218482e-01
2.296371545385218482e-01
2.296371545385218482e-01
2.296371545385218482e-01
2.296371545385218482e-01
2.296371545385218482e-01
2.296371545385218482e-01
2.296371545385218482e-01
2.296371545385218482e-01
2.296371545385218482e-01
2.296371545385218482e-01
2.296371545385218482e-01
2.296371545385218482e-01
2.296371545385218482e-01
2.296371545385218482e-01
2.296371545385218482e-01
2.296371545385218482e-01
2.296371545385218482e-01
2.296371545385218482e-01
2.296371545385218482e-01
2.296371545385218482e-01
2.296371545385218482e-01
2.296371545385218482e-01
2.296371545385218482e-01
2.296371545385218482e-01
2.296371545385218482e-01
2.296371545385218482e-01
2.296371545385218482e-01
2.296371545385218482e-01
2.296371545385218482e-01
2.296371545385218482e-01
1.575053797636906117e-01
1.575053797636906117e-01
1.575053797636906117e-01
1.575053797636906117e-01
1.575053797636906117e-01
1.575053797636906117e-01
1.575053797636906117e-01
1.575053797636906117e-01
1.575053797636906117e-01
1.575053797636906117e-01
1.575053797636906117e-01
1.575053797636906117e-01
1.575053797636906117e-01
1.575053797636906117e-01
1.575053797636906117e-01
1.575053797636906117e-01
1.575053797636906117e-01
1.575053797636906117e-01
1.575053797636906117e-01
1.575053797636906117e-01
1.575053797636906117e-01
1.575053797636906117e-01
1.575053797636906117e-01
1.575053797636906117e-01
1.575053797636906117e-01
1.575053797636906117e-01
1.575053797636906117e-01
1.575053797636906117e-01
1.575053797636906117e-01
1.575053797636906117e-01
1.575053797636906117e-01
1.575053797636906117e-01
1.575053797636906117e-01
1.575053797636906117e-01
1.575053797636906117e-01
1.575053797636906117e-01
1.575053797636906117e-01
1.575053797636906117e-01
1.575053797636906117e-01
1.198233073119095993e-01
1.198233073119095993e-01
1.198233073119095993e-01
1.198233073119095993e-01
1.198233073119095993e-01
1.198233073119095993e-01
1.198233073119095993e-01
1.198233073119095993e-01
1.198233073119095993e-01
1.198233073119095993e-01
1.198233073119095993e-01
1.198233073119095993e-01
1.198233073119095993e-01
1.198233073119095993e-01
1.198233073119095993e-01
1.198233073119095993e-01
1.198233073119095993e-01
1.198233073119095993e-01
1.198233073119095993e-01
1.198233073119095993e-01
1.198233073119095993e-01
1.198233073119095993e-01
1.198233073119095993e-01
1.198233073119095993e-01
1.198233073119095993e-01
1.198233073119095993e-01
1.198233073119095993e-01
1.198233073119095993e-01
1.198233073119095993e-01
9.667975599770006756e-02
9.667975599770006756e-02
9.667975599770006756e-02
9.667975599770006756e-02
9.667975599770006756e-02
9.667975599770006756e-02
9.667975599770006756e-02
9.667975599770006756e-02
9.667975599770006756e-02
9.667975599770006756e-02
9.667975599770006756e-02
9.667975599770006756e-02
9.667975599770006756e-02
9.667975599770006756e-02
9.667975599770006756e-02
9.667975599770006756e-02
9.667975599770006756e-02
9.667975599770006756e-02
9.667975599770006756e-02
9.667975599770006756e-02
9.667975599770006756e-02
9.667975599770006756e-02
9.667975599770006756e-02
9.667975599770006756e-02
9.667975599770006756e-02
8.102486587041235477e-02
8.102486587041235477e-02
8.102486587041235477e-02
8.102486587041235477e-02
8.102486587041235477e-02
8.102486587041235477e-02
8.102486587041235477e-02
8.102486587041235477e-02
8.102486587041235477e-02
8.102486587041235477e-02
8.102486587041235477e-02
8.102486587041235477e-02
8.102486587041235477e-02
8.102486587041235477e-02
8.102486587041235477e-02
8.102486587041235477e-02
8.102486587041235477e-02
8.102486587041235477e-02
8.102486587041235477e-02
8.102486587041235477e-02
6.973132890029642983e-02
6.973132890029642983e-02
6.973132890029642983e-02
6.973132890029642983e-02
6.973132890029642983e-02
6.973132890029642983e-02
6.973132890029642983e-02
6.973132890029642983e-02
6.973132890029642983e-02
6.973132890029642983e-02
6.973132890029642983e-02
6.973132890029642983e-02
6.973132890029642983e-02
6.973132890029642983e-02
6.973132890029642983e-02
6.973132890029642983e-02
6.973132890029642983e-02
6.973132890029642983e-02
6.119993627577391404e-02
6.119993627577391404e-02
6.119993627577391404e-02
6.119993627577391404e-02
6.119993627577391404e-02
6.119993627577391404e-02
6.119993627577391404e-02
6.119993627577391404e-02
6.119993627577391404e-02
6.119993627577391404e-02
6.119993627577391404e-02
6.119993627577391404e-02
6.119993627577391404e-02
6.119993627577391404e-02
6.119993627577391404e-02
6.119993627577391404e-02
5.452801173050170203e-02
5.452801173050170203e-02
5.452801173050170203e-02
5.452801173050170203e-02
5.452801173050170203e-02
5.452801173050170203e-02
5.452801173050170203e-02
5.452801173050170203e-02
5.452801173050170203e-02
5.452801173050170203e-02
5.452801173050170203e-02
5.452801173050170203e-02
5.452801173050170203e-02
5.452801173050170203e-02
4.916749607267500988e-02
4.916749607267500988e-02
4.916749607267500988e-02
4.916749607267500988e-02
4.916749607267500988e-02
4.916749607267500988e-02
4.916749607267500988e-02
4.916749607267500988e-02
4.916749607267500988e-02
4.916749607267500988e-02
4.916749607267500988e-02
4.916749607267500988e-02
4.916749607267500988e-02
4.476640717744106990e-02
4.476640717744106990e-02
4.476640717744106990e-02
4.476640717744106990e-02
4.476640717744106990e-02
4.476640717744106990e-02
4.476640717744106990e-02
4.476640717744106990e-02
4.476640717744106990e-02
4.476640717744106990e-02
4.476640717744106990e-02
4.108836352114486612e-02
4.108836352114486612e-02
4.108836352114486612e-02
4.108836352114486612e-02
4.108836352114486612e-02
4.108836352114486612e-02
4.108836352114486612e-02
4.108836352114486612e-02
4.108836352114486612e-02
4.108836352114486612e-02
4.108836352114486612e-02
3.796873277068557595e-02
3.796873277068557595e-02
3.796873277068557595e-02
3.796873277068557595e-02
3.796873277068557595e-02
3.796873277068557595e-02
3.796873277068557595e-02
3.796873277068557595e-02
3.796873277068557595e-02
3.796873277068557595e-02
3.528933204553508229e-02
3.528933204553508229e-02
3.528933204553508229e-02
3.528933204553508229e-02
3.528933204553508229e-02
3.528933204553508229e-02
3.528933204553508229e-02
3.528933204553508229e-02
3.528933204553508229e-02
3.296312722524985528e-02
3.296312722524985528e-02
3.296312722524985528e-02
3.296312722524985528e-02
3.296312722524985528e-02
3.296312722524985528e-02
3.296312722524985528e-02
3.296312722524985528e-02
3.296312722524985528e-02
3.092460608767877428e-02
3.092460608767877428e-02
3.092460608767877428e-02
3.092460608767877428e-02
3.092460608767877428e-02
3.092460608767877428e-02
3.092460608767877428e-02
3.092460608767877428e-02
2.912351368300869492e-02
2.912351368300869492e-02
2.912351368300869492e-02
2.912351368300869492e-02
2.912351368300869492e-02
2.912351368300869492e-02
2.912351368300869492e-02
2.912351368300869492e-02
2.752065539861614507e-02
2.752065539861614507e-02
2.752065539861614507e-02
2.752065539861614507e-02
2.752065539861614507e-02
2.752065539861614507e-02
2.752065539861614507e-02
2.608501307570854078e-02
2.608501307570854078e-02
2.608501307570854078e-02
2.608501307570854078e-02
2.608501307570854078e-02
2.608501307570854078e-02
2.608501307570854078e-02
2.479171868815821522e-02
2.479171868815821522e-02
2.479171868815821522e-02
2.479171868815821522e-02
2.479171868815821522e-02
2.479171868815821522e-02
2.362060213777350537e-02
2.362060213777350537e-02
2.362060213777350537e-02
2.362060213777350537e-02
2.362060213777350537e-02
2.362060213777350537e-02
2.255513195742586685e-02
2.255513195742586685e-02
2.255513195742586685e-02
2.255513195742586685e-02
2.255513195742586685e-02
2.255513195742586685e-02
2.158163025615766895e-02
2.158163025615766895e-02
2.158163025615766895e-02
2.158163025615766895e-02
2.158163025615766895e-02
2.158163025615766895e-02
2.068868250402811082e-02
2.068868250402811082e-02
2.068868250402811082e-02
2.068868250402811082e-02
2.068868250402811082e-02
1.986668798377333456e-02
1.986668798377333456e-02
1.986668798377333456e-02
1.986668798377333456e-02
1.986668798377333456e-02
1.986668798377333456e-02
1.910751329203053128e-02
1.910751329203053128e-02
1.910751329203053128e-02
1.910751329203053128e-02
1.910751329203053128e-02
1.840422234622074438e-02
1.840422234622074438e-02
1.840422234622074438e-02
1.840422234622074438e-02
1.840422234622074438e-02
1.775086388963165174e-02
1.775086388963165174e-02
1.775086388963165174e-02
1.775086388963165174e-02
1.714230269905125947e-02
1.714230269905125947e-02
1.714230269905125947e-02
1.714230269905125947e-02
1.714230269905125947e-02
1.657408435670315594e-02
1.657408435670315594e-02
1.657408435670315594e-02
1.657408435670315594e-02
1.604232604984179300e-02
1.604232604984179300e-02
1.604232604984179300e-02
1.604232604984179300e-02
1.554362773526152264e-02
1.554362773526152264e-02
1.554362773526152264e-02
1.554362773526152264e-02
1.554362773526152264e-02
1.507499937153722325e-02
1.507499937153722325e-02
1.507499937153722325e-02
1.463380092773813868e-02
1.463380092773813868e-02
1.463380092773813868e-02
1.463380092773813868e-02
1.421769262591465743e-02
1.421769262591465743e-02
1.421769262591465743e-02
1.421769262591465743e-02
1.382459343699682375e-02
1.382459343699682375e-02
1.382459343699682375e-02
1.382459343699682375e-02
1.345264627590869733e-02
1.345264627590869733e-02
1.345264627590869733e-02
1.310018866743234423e-02
1.310018866743234423e-02
1.310018866743234423e-02
1.310018866743234423e-02
1.276572790519725498e-02
1.276572790519725498e-02
1.276572790519725498e-02
1.244791992090676924e-02
1.244791992090676924e-02
1.244791992090676924e-02
1.214555123297411665e-02
1.214555123297411665e-02
1.214555123297411665e-02
1.214555123297411665e-02
1.185752346343738051e-02
1.185752346343738051e-02
1.185752346343738051e-02
1.158284000673182046e-02
1.158284000673182046e-02
1.158284000673182046e-02
1.132059450930655853e-02
1.132059450930655853e-02
1.132059450930655853e-02
1.106996087947009766e-02
1.106996087947009766e-02
1.106996087947009766e-02
1.083018459547691048e-02
1.083018459547691048e-02
1.083018459547691048e-02
1.060057511919410000e-02
1.060057511919410000e-02
1.060057511919410000e-02
1.038049925469441970e-02
1.038049925469441970e-02
1.016937531726591626e-02
1.016937531726591626e-02
1.016937531726591626e-02
9.966667999745992823e-03
9.966667999745992823e-03
9.966667999745992823e-03
9.771883840821060652e-03
9.771883840821060652e-03
9.584567214489303488e-03
9.584567214489303488e-03
9.584567214489303488e-03
9.404296772096087942e-03
9.404296772096087942e-03
9.230682278462576384e-03
9.230682278462576384e-03
9.230682278462576384e-03
9.063361792083557411e-03
9.063361792083557411e-03
8.901999146547434627e-03
8.901999146547434627e-03
8.746281696270119532e-03
8.746281696270119532e-03
8.746281696270119532e-03
8.595918294746485167e-03
8.595918294746485167e-03
8.450637477817823928e-03
8.450637477817823928e-03
8.310185828104610373e-03
8.310185828104610373e-03
8.310185828104610373e-03
8.174326499844286609e-03
8.174326499844286609e-03
8.042837886128029190e-03
8.042837886128029190e-03
7.915512412702940814e-03
7.915512412702940814e-03
7.792155444564019540e-03
7.792155444564019540e-03
7.672584293214046447e-03
7.672584293214046447e-03
7.556627313941244317e-03
7.556627313941244317e-03
7.444123083729325963e-03
7.444123083729325963e-03
7.334919651528326590e-03
7.334919651528326590e-03
7.228873853564965479e-03
7.228873853564965479e-03
7.125850687179524634e-03
7.125850687179524634e-03
7.025722737477368973e-03
7.025722737477368973e-03
6.928369651625909675e-03
6.928369651625909675e-03
6.833677656277070689e-03
6.741539114010985934e-03
6.741539114010985934e-03
6.651852115203804594e-03
6.651852115203804594e-03
6.564520102025350745e-03
6.564520102025350745e-03
6.479451521685386517e-03
6.396559506290588892e-03
6.396559506290588892e-03
6.315761576962120039e-03
6.315761576962120039e-03
6.236979370103479248e-03
6.160138383890401137e-03
6.160138383890401137e-03
6.085167743296149290e-03
6.085167743296149290e-03
6.011999982035720613e-03
5.940570840082481929e-03
5.940570840082481929e-03
5.870819075432076595e-03
5.802686288985614560e-03
5.802686288985614560e-03
5.736116761473009085e-03
5.736116761473009085e-03
5.671057301485649127e-03
5.607457103732893522e-03
5.607457103732893522e-03
5.545267616718585479e-03
5.484442419144808234e-03
5.424937104344773608e-03
5.424937104344773608e-03
5.366709172172856590e-03
5.309717927765578160e-03
5.309717927765578160e-03
5.253924386701913640e-03
5.199291186073540239e-03
5.199291186073540239e-03
5.145782501042250878e-03
5.093363966506170293e-03
5.042002603498185742e-03
5.042002603498185742e-03
4.991666749996848118e-03
4.942325995837992814e-03
4.893951121454409581e-03
4.893951121454409581e-03
4.846514040167337889e-03
4.799987743815736785e-03
4.754346251474639296e-03
4.709564561081402978e-03
4.709564561081402978e-03
4.665618603766463757e-03
4.622485200710957365e-03
4.580142022393540735e-03
4.538567550029237729e-03
4.538567550029237729e-03
4.497741039120373152e-03
4.457642484931301219e-03
4.418252589808768782e-03
4.379552732215574729e-03
4.341524937373608672e-03
4.304151849431891996e-03
4.304151849431891996e-03
4.267416705048598935e-03
4.231303308326661572e-03
4.195796006999930050e-03
4.160879669816597293e-03
4.126539665038175819e-03
4.092761839998959594e-03
4.059532501651363923e-03
4.026838398063392610e-03
3.994666700799842651e-03
3.963004988131291206e-03
3.963004988131291206e-03
3.931841229049548581e-03
3.901163768023852008e-03
3.870961310464049454e-03
3.841222908861463559e-03
3.811937949552368643e-03
3.783096140089869941e-03
3.754687497187769729e-03
3.726702335194675975e-03
3.699131255084142644e-03
3.671965133931531788e-03
3.645195114851840223e-03
3.618812597365628214e-03
3.592809228195714688e-03
3.541907705136071449e-03
3.516994003170625938e-03
3.492428337531161553e-03
3.468203465882058190e-03
3.444312345446287615e-03
3.420748126177985959e-03
3.397504144213026045e-03
3.374573915591372320e-03
3.351951130220132136e-03
3.329629646090626061e-03
3.307603483712173720e-03
3.264413987040692966e-03
3.243239459353008947e-03
3.222337856961909885e-03
3.201703936927979832e-03
3.181332589749952255e-03
3.161218835141421657e-03
3.121744804381765270e-03
3.102375177968741404e-03
3.083244436220655693e-03
3.064348186995746737e-03
3.027242129393203918e-03
3.009024058972076254e-03
2.991023950856042113e-03
2.973237916734094988e-03
2.938292974221101694e-03
2.921126738196444528e-03
2.904159915776527434e-03
2.887389052259048405e-03
2.854421777591542586e-03
2.838218844772089078e-03
2.822198823219213004e-03
2.790695263153675221e-03
2.775205769253719090e-03
2.759887272090533195e-03
2.729752065317891940e-03
2.714929906449614627e-03
2.685763293660659023e-03
2.671413735162775360e-03
2.657216695970521236e-03
2.629270551175788562e-03
2.615516759273073255e-03
2.588436384609482666e-03
2.575105401424582219e-03
2.548851178768241077e-03
2.535923803275497157e-03
2.510458495417533520e-03
2.497916671873379180e-03
2.473205246318666006e-03
2.461031980120931273e-03
2.437041448301147106e-03
2.425220729167842926e-03
2.401919999518997706e-03
2.390436731241396551e-03
2.367796474781580507e-03
2.356636410911217006e-03
2.334628938085780980e-03
2.313028696098728965e-03
2.302377770679764346e-03
2.281367503603415336e-03
2.260737225633913106e-03
2.250561375611748183e-03
2.230482039872749844e-03
2.210757828132403624e-03
2.201025962627833898e-03
2.181817029145771691e-03
2.162940477553720875e-03
2.153624160622480410e-03
2.135230236297469553e-03
2.117147852918388473e-03
2.099369162023800861e-03
2.090591320397794384e-03
2.073254021281445425e-03
2.056201913794519776e-03
2.039428018414279897e-03
2.022925581522616589e-03
2.006688066336859144e-03
1.990709144281122001e-03
1.982814732895188392e-03
1.967212269757712129e-03
1.951853436182982016e-03
1.936732570033572465e-03
1.921844183281673502e-03
1.907182955362851651e-03
1.892743726844225982e-03
1.878521493361762218e-03
1.864511399846224826e-03
1.850708734990713644e-03
1.837108925972219531e-03
1.823707533399665515e-03
1.810500246481328013e-03
1.797482878400979978e-03
1.784651361898315081e-03
1.772001745024343045e-03
1.753360009469129288e-03
1.741148572492856594e-03
1.729106054360829425e-03
1.717228974207674064e-03
1.705513946156034244e-03
1.693957676096036202e-03
1.676913953879366481e-03
1.665740741767396393e-03
1.654715437457876526e-03
1.643835123319337121e-03
1.627780313371185450e-03
1.617250204268283476e-03
1.606855457994771363e-03
1.591511488813313058e-03
1.581443946783056553e-03
1.571502974060723368e-03
1.556823659973782803e-03
1.547188861643067348e-03
1.532958210177848279e-03
1.523615656082166758e-03
1.509813407531868101e-03
1.500749999924333444e-03
1.487357096268016043e-03
1.478560508554660480e-03
1.465559005667915748e-03
1.457017626476431182e-03
1.444390613919988020e-03
1.436093495963741695e-03
1.423825023612823593e-03
1.411764393477343837e-03
1.403836847717054859e-03
1.392111069367873988e-03
1.380579551372274061e-03
1.372997424294974955e-03
1.361779111347050097e-03
1.350742634969814837e-03
1.339883609645542428e-03
1.329197789762370796e-03
1.322168099470277802e-03
1.311761883177164911e-03
1.301518193379425092e-03
1.291433252021856326e-03
1.281503397246974707e-03
1.271725078960339594e-03
1.262094854603712513e-03
1.252609385109404450e-03
1.243265431041140623e-03
1.234059848909008217e-03
1.224989587638058985e-03
1.216051685201224863e-03
1.207243265392565768e-03
1.198561534739961409e-03
1.190003779556358943e-03
1.181567363105595625e-03
1.170503138349654471e-03
1.162340003848849612e-03
1.154289940801578318e-03
1.146350616059055305e-03
1.135933195814398111e-03
1.128243541159146268e-03
1.120657296087013144e-03
1.110699588679042726e-03
1.103346669526383828e-03
1.096090463923782288e-03
1.086562697096726815e-03
1.079524869292636247e-03
1.070281704737996442e-03
1.063452542798049016e-03
1.054481416365216084e-03
1.047851775829999887e-03
1.039140852185371777e-03
1.030573564467007763e-03
1.024240235745099703e-03
1.015915901169672786e-03
1.007725784908042321e-03
1.001669337471144949e-03
9.937064163690889629e-04
9.858691016048082290e-04
9.781544444836809404e-04
9.705595878876094318e-04
9.649403955566127067e-04
9.575485778857695252e-04
9.502691476529490089e-04
9.430995610387737926e-04
9.360373504162522451e-04
9.290801215254829160e-04
9.222255507620458204e-04
9.154713825950677730e-04
9.088154270865400619e-04
9.006303601751808330e-04
8.941877000284703669e-04
8.878365603325333311e-04
8.815750047180825888e-04
8.754011510559989162e-04
8.678043821460645901e-04
8.618212446210860023e-04
8.559200444800962870e-04
8.486562263162467090e-04
8.429333417402373740e-04
8.358873689598977919e-04
8.303348381611952433e-04
8.234970557347010001e-04
8.181073839627073241e-04
8.114686991057551424e-04
8.049368886807739543e-04
7.997866667198705315e-04
7.934408331741193976e-04
7.871949077723483512e-04
7.822685257091732680e-04
7.761965845397567065e-04
7.702181777470284985e-04
7.643311605950442456e-04
7.585334534202514689e-04
7.528230391854462411e-04
7.471979611358703366e-04
7.416563205707715767e-04
7.361962746984529460e-04
7.308160345987912976e-04
7.255138632639157592e-04
7.202880737365857655e-04
7.141156462892039869e-04
7.090521939171479104e-04
7.040600410260777764e-04
6.981614702271654593e-04
6.933209706055931676e-04
6.885471292193967585e-04
6.829045856101556566e-04
6.782726309485509475e-04
6.727965573326555315e-04
6.683002564392692690e-04
6.629833930417161625e-04
6.577504617001350695e-04
6.534523758866539467e-04
6.483682429009318682e-04
6.433626124929814338e-04
6.384336803914036906e-04
6.335796971955742762e-04
6.287989663017468089e-04
6.240898419366258665e-04
6.194507272575533463e-04
6.148800725548353441e-04
6.103763735162415216e-04
6.059381695883159225e-04
6.015640423883139576e-04
5.972526141969636271e-04
5.923000756310470294e-04
5.881199538747550193e-04
5.839984205432413589e-04
5.792623842760802333e-04
5.752636413615119793e-04
5.706676605389260359e-04
5.661445354164795773e-04
5.623242539084527536e-04
5.579319130076809685e-04
5.536076578421811334e-04
5.499541520056494548e-04
5.457522104287404474e-04
5.416139920971785315e-04
5.375380583573230453e-04
5.335230135380397698e-04
5.295675033581970226e-04
5.256702134034396678e-04
5.218298676704646866e-04
5.175090410095561921e-04
5.137865922265616447e-04
5.101173122364910384e-04
5.065000699787658434e-04
5.024283898603654208e-04
4.989189950154182540e-04
4.949678136164648024e-04
4.910787231303670453e-04
4.877255601848373701e-04
4.839490114399991327e-04
4.802304983363425706e-04
4.770233620819963605e-04
4.734101191860018432e-04
4.698512022541789790e-04
4.663453952263862945e-04
4.628915180616699487e-04
4.594884254255360290e-04
4.557192664059739329e-04
4.524204391110897561e-04
4.491690272078185941e-04
4.455666023764903727e-04
4.424126138830031252e-04
4.389173278366298447e-04
4.358564487362270867e-04
4.324635919895625236e-04
4.294917592683189511e-04
4.261968943638505536e-04
4.229521979900452422e-04
4.197565329854269223e-04
4.166087962945708156e-04
4.135079177095546399e-04
4.104528586416078539e-04
4.074426109789142103e-04
4.044761959604015189e-04
4.012304328345761562e-04
3.983534652868270243e-04
3.955174618085477434e-04
3.924133353344627650e-04
3.896609883565771426e-04
3.866477574606674850e-04
3.836807713132328601e-04
3.807589734287075700e-04
3.778813392577573538e-04
3.753284064814677023e-04
3.725319699120488437e-04
3.695036278424934650e-04
3.667930009924047496e-04
3.641218540807455994e-04
3.614893308111488679e-04
3.586371735914140046e-04
3.560830810326320872e-04
3.533152700921915468e-04
3.508361547107652356e-04
3.481490030833311877e-04
3.455027018509637671e-04
3.428963265256212978e-04
3.403289803011189107e-04
3.377997930334997179e-04
3.353079202516040525e-04
3.328525422209294149e-04
3.304328630430175551e-04
3.278330197938883472e-04
3.254855120590205431e-04
3.229626402408980468e-04
3.206841224682177582e-04
3.182348537399404265e-04
3.158227146772274452e-04
3.134468673299251051e-04
3.111064987758593858e-04
3.088008201926895069e-04
3.065290659697295084e-04
3.042904928597378600e-04
3.019019794282540303e-04
2.997302397850232225e-04
2.974125082254586161e-04
2.953046531056768842e-04
2.930546030411873559e-04
2.908385818488623542e-04
2.886558233602398715e-04
2.865055842419250709e-04
2.843871431429390029e-04
2.822997998873644221e-04
2.802428747114005247e-04
2.780609856526394807e-04
2.760651490357757254e-04
2.739475824079518063e-04
2.718622542213777749e-04
2.698084338258466275e-04
2.679289073900248397e-04
2.659338690190748977e-04
2.638290367390494495e-04
2.618943672726414817e-04
2.599878652781439925e-04
2.579757483694988807e-04
2.561256704599612632e-04
2.541726661399179577e-04
2.522492204456439069e-04
2.503546673685574930e-04
2.484883607553056706e-04
2.466496735759049486e-04
2.448379972247449743e-04
2.430527408491256480e-04
2.411769419240483714e-04
2.394444872589884810e-04
2.376237608830988890e-04
2.358305150104156311e-04
2.340641321455505519e-04
2.323240131650861073e-04
2.306095766194671270e-04
2.289202581077232068e-04
2.271522664319958196e-04
2.255130408953531784e-04
2.237970893909091430e-04
2.221070543838576938e-04
2.204423531332322383e-04
2.188024202504079696e-04
2.171867070347444084e-04
2.155946808847231111e-04
2.139342497845531099e-04
2.123893794648834543e-04
2.107777689291934209e-04
2.091904320068449508e-04
2.076268243901280286e-04
2.060864179326271639e-04
2.045687000363782815e-04
2.030731731020862796e-04
2.015181021340906042e-04
1.999866666667626802e-04
1.985571504973249191e-04
1.970702218406783501e-04
1.956053978763305778e-04
1.940868206914414529e-04
1.926658523928592714e-04
1.912655395458484620e-04
1.898133494443454694e-04
1.883830447811929432e-04
1.869741345171815894e-04
1.855861421907745168e-04
1.842186053816474711e-04
1.828042160053611198e-04
1.814772239442374868e-04
1.801044599377688016e-04
1.787523082484865355e-04
1.774203080912029051e-04
1.761080123071634418e-04
1.748149868773252180e-04
1.734805985041942833e-04
1.722257299546781084e-04
1.709304307561110292e-04
1.696544698511770477e-04
1.683974173730673485e-04
1.671029906223919781e-04
1.658833282157656797e-04
1.646271190754999836e-04
1.633897930969352430e-04
1.621709276812266509e-04
1.609701127492924044e-04
1.597869502764082128e-04
1.585707485362020108e-04
1.574224689971925883e-04
1.562418619770467032e-04
1.550788313221529435e-04
1.538856112873743243e-04
1.527572683021061195e-04
1.515993730006881535e-04
1.505041886521452099e-04
1.493800723250116036e-04
1.482726235665365877e-04
1.471381623784351333e-04
1.460635859985570661e-04
1.449625509984953098e-04
1.438779911290266611e-04
1.428095393504191790e-04
1.417568394462831449e-04
1.406799527935431726e-04
1.396193043888827034e-04
1.385745297025620104e-04
1.375452750264072321e-04
1.365311970918936524e-04
1.354952348070481705e-04
1.345110520504233520e-04
1.335054067003182965e-04
1.325146867817705854e-04
1.315039667780792954e-04
1.305426219148086986e-04
1.295616495057272388e-04
1.285953103192793989e-04
1.276432793478887717e-04
1.266731408414711879e-04
1.257492557592554405e-04
1.248075880820875838e-04
1.238799188482131441e-04
1.229357044135737098e-04
1.220355528176453319e-04
1.211191406608191912e-04
1.202163893062602185e-04
1.193269955511722102e-04
1.184226106339947293e-04
1.175318313525464120e-04
1.166543529728114592e-04
1.157898797899958865e-04
1.149381248052305793e-04
1.140727782641404175e-04
1.132203644037543810e-04
1.123805954560408438e-04
1.115283094436092526e-04
1.107133629457690560e-04
1.098860846039384498e-04
1.090710778360870492e-04
1.082446327228536731e-04
1.074306175813388720e-04
1.066287540777421938e-04
1.058387721312170626e-04
1.050604095994556175e-04
1.042716623026462841e-04
1.034946698944549937e-04
1.027291715328670918e-04
1.019541205210527934e-04
1.011906768429993164e-04
1.004385816888442307e-04
9.969758387995408810e-05
9.894785436592723471e-05
9.820931667625654171e-05
9.748172206769378789e-05
9.674610586329901452e-05
9.602150871479420147e-05
9.530768487386875876e-05
9.460439585040614219e-05
9.389377474533500134e-05
9.319374971183957967e-05
9.250408550520727857e-05
9.180769339323102685e-05
9.112170813885267506e-05
9.044589819218185056e-05
8.976392080561890197e-05
8.909215090013855587e-05
8.843036101147117023e-05
8.777833037754145806e-05
8.712066203997448355e-05
8.647277541384834620e-05
8.581972130172754731e-05
8.519096968739869880e-05
8.454276447877884237e-05
8.391843121635655933e-05
8.328937498525146310e-05
8.266967945125269779e-05
8.205913722114654973e-05
8.144427847589508218e-05
8.083856532159483521e-05
8.022891979109214589e-05
7.962840073794108520e-05
7.903680474796725974e-05
7.845393440930603646e-05
7.786746951132794692e-05
7.727776198407365627e-05
7.670868592846158407e-05
7.613633474690129077e-05
7.557246134559658657e-05
7.500562537365862426e-05
7.444722927629765508e-05
7.388616600045860849e-05
7.333349625049390141e-05
7.278903307372797116e-05
7.224215566103975306e-05
7.170343455065175675e-05
7.117268862522063699e-05
7.063976072430033781e-05
7.011475444229642306e-05
6.958780817611920355e-05
6.906872334055957907e-05
6.855732531263480922e-05
6.804418331973760559e-05
6.753866585007539669e-05
6.703161654442180151e-05
6.653212389451379494e-05
6.604002021937116496e-05
6.554654894130873544e-05
6.506039770470817274e-05
6.457306439322518798e-05
6.409297751808207266e-05
6.361188267234307858e-05
6.313795640877639670e-05
6.266318535252946020e-05
6.219550116781658033e-05
6.173474634862952115e-05
6.127325828308993749e-05
6.081861858475701155e-05
6.036338757098302921e-05
5.991492079082672007e-05
5.946599534112362306e-05
5.902374720079262005e-05
5.858116418344661014e-05
5.814516908742017876e-05
5.770895448875545952e-05
5.727923625797881613e-05
5.685587035031414160e-05
5.643234700414279104e-05
5.600881203704499711e-05
5.559158712287182169e-05
5.517444318214881349e-05
5.476351288258296535e-05
5.435865841263431975e-05
5.395392333695792075e-05
5.354943503987907860e-05
5.315096645019945498e-05
5.275281786942809248e-05
5.236058991797687412e-05
5.196874944501939098e-05
5.158273008809555193e-05
5.119716025070442100e-05
5.081214747881812599e-05
5.043796969139702213e-05
5.005923675305279374e-05
4.968614914779845293e-05
4.931371742322721019e-05
4.894682742218048332e-05
4.858063575141624568e-05
4.821988265824028730e-05
4.785986630195804281e-05
4.750518597240738217e-05
4.714683093609561837e-05
4.679822165598590544e-05
4.644609929094212220e-05
4.610348695066601721e-05
4.575751566171515350e-05
4.541669819502214267e-05
4.507685602817002035e-05
4.474206200100194764e-05
4.440825992524377597e-05
4.407551603946568974e-05
4.374772146042982257e-05
4.342099548437783341e-05
4.309911358191254038e-05
4.277464887614268463e-05
4.245503302946485036e-05
4.214015815129368292e-05
4.182642034400441133e-05
4.151387254125449289e-05
4.120256553619139339e-05
4.089589267841642339e-05
4.059045582216480597e-05
4.028954754076163880e-05
3.998986922482128392e-05
3.969146500437670255e-05
3.939437709987725356e-05
3.909864587547939863e-05
3.880732163785705069e-05
3.852030661100069864e-05
3.823165835192821049e-05
3.794730383333000390e-05
3.766431054230690023e-05
3.738271172870621939e-05
3.710253903654869845e-05
3.682653473269237310e-05
3.655193419127567012e-05
3.627876602230184488e-05
3.600965057592997454e-05
3.573938836687329257e-05
3.547315272178774848e-05
3.520837488479866551e-05
3.494752045696269960e-05
3.468568982156750025e-05
3.442775334228098671e-05
3.417128926563872682e-05
3.391631712446052660e-05
3.366285526318346655e-05
3.341092089648167729e-05
3.316272949305254514e-05
3.291386439741028624e-05
3.266870662599341557e-05
3.242507104672665008e-05
3.218297089879751383e-05
3.194445921550492784e-05
3.170543534991576706e-05
3.146798130948535999e-05
3.123405759708486329e-05
3.100166374003787695e-05
3.076891517295177181e-05
3.053963533694581400e-05
3.031190952895723711e-05
3.008574434992805635e-05
2.986114565117770070e-05
2.963987549164937008e-05
2.941839824266434533e-05
2.919850111993138597e-05
2.898018718766603996e-05
2.876511364646727742e-05
2.854994811130051602e-05
2.833637160015722856e-05
2.812596680967782703e-05
2.791554614745006546e-05
2.770825057119008505e-05
2.750098543102819093e-05
2.729530791334422446e-05
2.709268404721409951e-05
2.689015370094249846e-05
2.668920419501841224e-05
2.648983229824874996e-05
2.629341698578979702e-05
2.609716843771092698e-05
2.590248575529141561e-05
2.570936419032943121e-05
2.551649639925823720e-05
2.532650078712617159e-05
2.513804977055666967e-05
2.494989227919131025e-05
2.476453056743377346e-05
2.457948593892478328e-05
2.439599578252238388e-05
2.421405219876771042e-05
2.403364708392086158e-05
2.385477212640818578e-05
2.367629763788681174e-05
2.349936941647978728e-05
2.332397781124040392e-05
2.315011303444247659e-05
2.297776517046212774e-05
2.280588390568549784e-05
2.263655500456263070e-05
2.246770266445263786e-05
2.229936147990496664e-05
2.213352416269298573e-05
2.196820467303961522e-05
2.180438557786157361e-05
2.164205482813041925e-05
2.148027751125436424e-05
2.131999174614929160e-05
2.116118473416417345e-05
2.100296140816748647e-05
2.084621744458114989e-05
2.069093943013466941e-05
2.053711397820290330e-05
2.038389671354945420e-05
2.023131131678734818e-05
2.008099332939661252e-05
1.993050895066073025e-05
1.978226321852627478e-05
1.963466434140581640e-05
1.948849204047586881e-05
1.934298332961770228e-05
1.919815697604132509e-05
1.905548321523564681e-05
1.891348342375476221e-05
1.877217463508440431e-05
1.863226736531498062e-05
1.849306202117428910e-05
1.835524746141015129e-05
1.821814406077759685e-05
1.808241967260482141e-05
1.794741407834532509e-05
1.781377480269963343e-05
1.768086047782002623e-05
1.754868298042833175e-05
1.741786028730540892e-05
1.728777813070347946e-05
1.715903567756082992e-05
1.703103623895696472e-05
1.690378927754476734e-05
1.677786665232883223e-05
1.665269691819570852e-05
1.652828818243801123e-05
1.640518624490550081e-05
1.628284387400480426e-05
1.616126792469696483e-05
1.604097937579762601e-05
1.592145417894652581e-05
1.580269806999989868e-05
1.568471631230305974e-05
1.556751373577025532e-05
1.545157221982673690e-05
1.533640404260960821e-05
1.522201308190584967e-05
1.510840281226943915e-05
1.499557632633763404e-05
1.488353635081818283e-05
1.477272170091747938e-05
1.466268495675659977e-05
1.455300449648699868e-05
1.444453541921131290e-05
1.433684907758969729e-05
1.422994647881647978e-05
1.412382834053982350e-05
1.401849510151986777e-05
1.391394691274694395e-05
1.381018366586328483e-05
1.370720500204480885e-05
1.360464012811757328e-05
1.350323406412723415e-05
1.340260997551023792e-05
1.330276656907880550e-05
1.320335368582004065e-05
1.310472865589940028e-05
1.300722771702123026e-05
1.291016679239032072e-05
1.281388687324191977e-05
1.271806180269674513e-05
1.262334059404235376e-05
1.252907794124791252e-05
1.243559402908100964e-05
1.234288539542216512e-05
1.225094846979413177e-05
1.215948383304077396e-05
1.206879216020251278e-05
1.197886931769698293e-05
1.188942835994577507e-05
1.180075607798425352e-05
1.171284786749549056e-05
1.162542873245353547e-05
1.153877224424615378e-05
1.145261104873451785e-05
1.136721018901720726e-05
1.128230975921962198e-05
1.119816652994654049e-05
1.111477491277934604e-05
1.103188586959458206e-05
1.094950457491972173e-05
1.086787207682515799e-05
1.078674959742453865e-05
1.070637068856239438e-05
1.062650324790137546e-05
1.054715107862147505e-05
1.046853685415793933e-05
1.039043806805306502e-05
1.031285776675883170e-05
1.023600826932646868e-05
1.015967628326119865e-05
1.008386417289397485e-05
1.000857404853672250e-05
9.934005125056266650e-06
9.859761360142549336e-06
9.786236017883531702e-06
9.713233016905853390e-06
9.640939313437790759e-06
9.568981217067396017e-06
9.497548078551965034e-06
9.426640336651637142e-06
9.356433353313597934e-06
9.286574424005600292e-06
9.217411098272343395e-06
9.148600745301216364e-06
9.080315410581185631e-06
9.012554509690851035e-06
8.945317298336696865e-06
8.878602883011232905e-06
8.812410240532919659e-06
8.746738212717097838e-06
8.681434770063667372e-06
8.616653709547783535e-06
8.552393402250224597e-06
8.488652103788574266e-06
8.425285982549546304e-06
8.362439282261213691e-06
8.300109849979087073e-06
8.238159714291093394e-06
8.176726322584038087e-06
8.115675435571567675e-06
8.055140125473592150e-06
7.995117654924221995e-06
7.935479270027023802e-06
7.876227711700600764e-06
7.817487726380356605e-06
7.759256148598403513e-06
7.701292536022030788e-06
7.643837920734419811e-06
7.586888845945161108e-06
7.530328397176155875e-06
7.474158100317929154e-06
7.418379280532683140e-06
7.362993103110504478e-06
7.308107366266192173e-06
7.253612895108396685e-06
7.199510430377920045e-06
7.145800526298096145e-06
7.092483612747280119e-06
7.039559966837138916e-06
6.987029732452576525e-06
6.934989090434662273e-06
6.883244107025454639e-06
6.831892167435960062e-06
6.780932903960312785e-06
6.730365822771311457e-06
6.680101077516376051e-06
6.630317776479266456e-06
6.580837902059322175e-06
6.531749732086034044e-06
6.483052204298012100e-06
6.434661359189242091e-06
6.386661227320011847e-06
6.339050433790127670e-06
6.291748353315362863e-06
6.244834980573266137e-06
6.198231829013245431e-06
6.152016305160934451e-06
6.106111990145102197e-06
6.060593796486379858e-06
6.015387339242117548e-06
5.970493803242327147e-06
5.925984434607123319e-06
5.881787806027993781e-06
5.837904715089159424e-06
5.794335820819007665e-06
5.751147811206003269e-06
5.708207809429488577e-06
5.665647455965761026e-06
5.623400821330726274e-06
5.581405711718723239e-06
5.539787662267592339e-06
5.498483317434299522e-06
5.457432913469340008e-06
5.416756176823689373e-06
5.376334432649620965e-06
5.336226732377546966e-06
5.296432479151569339e-06
5.256950981968877556e-06
5.217727033435259898e-06
5.178815860484853317e-06
5.140163676808917614e-06
5.101823883246758840e-06
5.063795362469925010e-06
5.025975895800449678e-06
4.988518072290837324e-06
4.951320247026380628e-06
4.914383235354868873e-06
4.877707715844614711e-06
4.841341159855794274e-06
4.805235769178572980e-06
4.769391932835098658e-06
4.733809961687818202e-06
4.698490049359627108e-06
4.663432307761006257e-06
4.628636749326453526e-06
4.594145519898340524e-06
4.559873409415438061e-06
4.525863030901966511e-06
4.492073721773515160e-06
4.458586407518616568e-06
4.425320491274753465e-06
4.392315774093269454e-06
4.359533621989264418e-06
4.327012507299166089e-06
4.294751650202321969e-06
4.262713880431867608e-06
4.230935737647989470e-06
4.199345725264258533e-06
4.168050209751861246e-06
4.136943856702934852e-06
4.106096029299344252e-06
4.075472298192828191e-06
4.045072887204348433e-06
4.014897934889738451e-06
3.984947514079628661e-06
3.955221607010450668e-06
3.925720131969789861e-06
3.896442929085530693e-06
3.867359858911179060e-06
3.838530910793558348e-06
3.809896326312234294e-06
3.781456990092912918e-06
3.753270035100619850e-06
3.725278125865649770e-06
3.697481896547394342e-06
3.669908830938872768e-06
3.642531661962600253e-06
3.615350783969795145e-06
3.588392270326146161e-06
3.561629846937641730e-06
3.535063709203534188e-06
3.508693958376163380e-06
3.482520651298948167e-06
3.456543755997465439e-06
3.430739657583892210e-06
3.405155635571865957e-06
3.379767591904503377e-06
3.354552751910766517e-06
3.329533970197751103e-06
3.304689031646823594e-06
3.280039979070004108e-06
3.255565123150283569e-06
3.231285742866241151e-06
3.207180669373421722e-06
3.183270433804175070e-06
3.159514409101227272e-06
3.135952978960965254e-06
3.112565953311552391e-06
3.089353381890980188e-06
3.066296414000468928e-06
3.043432848737204210e-06
3.020725210300945207e-06
2.998192098924157278e-06
2.975833262364169229e-06
2.953630953039798612e-06
2.931602779976394402e-06
2.909731402378490372e-06
2.888033818204682746e-06
2.866493084563437321e-06
2.845109395077649594e-06
2.823882895408580396e-06
2.802813645952362265e-06
2.781917166738701042e-06
2.761162227638003230e-06
2.740564462366812393e-06
2.720123743027436092e-06
2.699839888431476709e-06
2.679698330676494322e-06
2.659699426810213652e-06
2.639871369392032818e-06
2.620171989486941300e-06
2.600629163462819804e-06
2.581229113896021943e-06
2.561985072868644409e-06
2.542870654376194750e-06
2.523899204187607381e-06
2.505070661906749763e-06
2.486384951150277800e-06
2.467841949349569575e-06
2.449429470696706801e-06
2.431159672577898334e-06
2.413032281434190907e-06
2.395024069623552521e-06
2.377169631695430496e-06
2.359434682186467569e-06
2.341830765639763001e-06
2.324368730266535010e-06
2.307026794379218870e-06
2.289815870137879017e-06
2.272735859842889283e-06
2.255786639149270911e-06
2.238958001110624707e-06
2.222260063855507894e-06
2.205682851363910402e-06
2.189226514626163578e-06
2.172900587349424484e-06
2.156695416810627819e-06
2.140601856548407511e-06
2.124638361133968090e-06
2.108786673171714199e-06
2.093055855634240459e-06
2.077445785952924950e-06
2.061947775966466168e-06
2.046570387714830019e-06
2.031305108896042100e-06
2.016152053196940130e-06
2.001111273908229293e-06
1.986190668712417562e-06
1.971374319675867071e-06
1.956670179548147814e-06
1.942070615323920890e-06
1.927583260008525201e-06
1.913207955506202040e-06
1.898937287303503751e-06
1.884771353100056501e-06
1.870710209739279151e-06
1.856760792118272718e-06
1.842909173599416306e-06
1.829162317501520363e-06
1.815520135006742919e-06
1.801976021620355084e-06
1.788536535651807924e-06
1.775195184516853431e-06
1.761952033940694662e-06
1.748807144319464157e-06
1.735766544608274842e-06
1.722818072091847341e-06
1.709967780594290332e-06
1.697209824125245348e-06
1.684550018477004585e-06
1.671988216211950373e-06
1.659513220952923973e-06
1.647136182891806300e-06
1.634851527820835315e-06
1.622653962196629607e-06
1.610548859498628360e-06
1.598536143343487481e-06
1.586615712478867124e-06
1.574777505619628926e-06
1.563031575169127052e-06
1.551372913577431234e-06
1.539801531502682508e-06
1.528317391641387246e-06
1.516915850596767257e-06
1.505601555318314411e-06
1.494369922805383055e-06
1.483225425924494800e-06
1.472159225524016790e-06
1.461180073714096750e-06
1.450279326742354158e-06
1.439461270957842487e-06
1.428725840635358679e-06
1.418068919956105844e-06
1.407490555105361807e-06
1.396990774504835997e-06
1.386569572825457897e-06
1.376226942961800148e-06
1.365962819188659694e-06
1.355773469380316953e-06
1.345658943274763431e-06
1.335622859310880983e-06
1.325661552864509929e-06
1.315771558263456598e-06
1.305956399799690359e-06
1.296216015300721836e-06
1.286547022583128808e-06
1.276949466055832261e-06
1.267426555595640991e-06
1.257971844803584816e-06
1.248588550661899887e-06
1.239273545006192023e-06
1.230029927579145976e-06
1.220854616401645387e-06
1.211747634566329168e-06
1.202708974967769961e-06
1.193738603855187819e-06
1.184833647083216590e-06
1.175996950375512995e-06
1.167225692877416066e-06
1.158517197619168826e-06
1.149876852291065177e-06
1.141299315388089042e-06
1.132787192825723821e-06
1.124335361590844684e-06
1.115948941143862783e-06
1.107625364649145183e-06
1.099364600132268777e-06
1.091164217537077263e-06
1.083024277259703183e-06
1.074944793511001251e-06
1.066928040027725899e-06
1.058969408940235724e-06
1.051068981960945337e-06
1.043228965325049273e-06
1.035447140362855123e-06
1.027725635149856487e-06
1.020058081446784115e-06
1.012450779991347360e-06
1.004897529521819877e-06
9.974024280934301601e-07
9.899614558106506479e-07
9.825785490802374511e-07
9.752478850044710157e-07
9.679733111722654826e-07
9.607529233290890147e-07
9.535867108168005757e-07
9.464746523191180927e-07
9.394149537156337715e-07
9.324076150063476121e-07
9.254526557311848478e-07
9.185483546003680999e-07
9.116981044554606228e-07
9.048968675484658775e-07
8.981463331947381334e-07
8.914481018917896904e-07
8.847989264593181247e-07
8.781988353190328667e-07
8.716478639980707044e-07
8.651459965092200832e-07
8.586932097598420910e-07
8.522880204919758285e-07
8.459304464691896897e-07
8.396205001259815504e-07
8.333567479423820146e-07
8.271406181092899601e-07
8.209706859885201879e-07
8.148469693436410921e-07
8.087694557401547968e-07
8.027368342267138246e-07
7.967490799343224239e-07
7.908062177319763464e-07
7.849069988408174936e-07
7.790526542761355699e-07
7.732407557581311153e-07
7.674736889340394441e-07
7.617490734856957602e-07
7.560669111894569028e-07
7.504272304670323024e-07
7.448288820155468670e-07
7.392730098088051705e-07
7.337595463452473155e-07
7.282863528912386641e-07
7.228534454339907711e-07
7.174618755767525613e-07
7.121095614293082576e-07
7.067985546838073674e-07
7.015258088882703191e-07
6.962933384313529928e-07
6.910991751096773328e-07
6.859442905904344912e-07
6.808277362990722281e-07
6.757494873665947921e-07
6.707086538382256435e-07
6.657061221160276432e-07
6.607401211722319090e-07
6.558115285271171047e-07
6.509194862003297999e-07
6.460648273032276734e-07
6.412450418435966526e-07
6.364625882993024675e-07
6.317150348378319791e-07
6.270023938936830632e-07
6.223254754855744864e-07
6.176834518312190880e-07
6.130763406941852622e-07
6.085033817937457457e-07
6.039645698008300201e-07
5.994591852909181284e-07
5.949879707811689400e-07
5.905494714353309860e-07
5.861443995724968659e-07
5.817720624134992136e-07
5.774331367502938406e-07
5.731256117469385458e-07
5.688507965784239673e-07
5.646074104914688974e-07
5.603960805400376444e-07
5.562155455107742341e-07
5.520670506298230862e-07
5.479487484860712243e-07
5.438618683184515135e-07
5.398051862171016069e-07
5.357781550641149693e-07
5.317819028460846198e-07
5.278152944709901817e-07
5.238783477024000490e-07
5.199704816716277378e-07
5.160917105895279633e-07
5.122425638104388668e-07
5.084214479422755062e-07
5.046289136556580956e-07
5.008649591742297957e-07
4.971290444855114288e-07
4.934206810913721597e-07
4.897399062953056159e-07
4.860871819500900415e-07
4.824610621012581646e-07
4.788624953233622250e-07
4.752905650162730922e-07
4.717452622982065691e-07
4.682265907218763346e-07
4.647336798724310825e-07
4.612673664139421703e-07
4.578268225641224376e-07
4.544116148919030707e-07
4.510221466302866133e-07
4.476576237477658538e-07
4.443188420522048432e-07
4.410042045988049608e-07
4.377149068757191230e-07
4.344497676056491287e-07
4.312091811398133245e-07
4.279927762196322760e-07
4.248001549411739575e-07
4.216317240901545915e-07
4.184867109513490391e-07
4.153648170968082809e-07
4.122667246475586467e-07
4.091913926584922478e-07
4.061391817300474827e-07
4.031097419199269893e-07
4.001030483591350162e-07
3.971184988627030066e-07
3.941563918585799797e-07
3.912163916153232890e-07
3.882982245739796667e-07
3.854015834248158967e-07
3.825267523849262830e-07
3.796734738825691124e-07
3.768413944227333445e-07
3.740305779542651976e-07
3.712407118383609372e-07
3.684714994234283836e-07
3.657229762366043246e-07
3.629950996453246148e-07
3.602873740460310614e-07
3.575997994387236645e-07
3.549323758234024240e-07
3.522850854364989459e-07
3.496571946426385580e-07
3.470489432499945792e-07
3.444603312585670096e-07
3.418908826047228899e-07
3.393408140039966270e-07
3.368094575462166063e-07
3.342972626496631960e-07
3.318035312060985120e-07
3.293287286210144771e-07
3.268721994187373525e-07
3.244339116248440291e-07
3.220139096482554919e-07
3.196119607862257794e-07
3.172278820740004335e-07
3.148616575243678994e-07
3.125130793035779675e-07
3.101819697759466976e-07
3.078681264367943982e-07
3.055717286981618486e-07
3.032924266177516870e-07
3.010301988792818406e-07
2.987846884350275900e-07
2.965560782497433934e-07
2.943439739722109039e-07
2.921484519857742157e-07
2.899692724822600098e-07
2.878062862476937767e-07
2.856595039402165526e-07
2.835287408187170399e-07
2.814138458928638897e-07
2.793146877122509864e-07
2.772312396315257388e-07
2.751633364495020828e-07
2.731108378339897058e-07
2.710735768074457042e-07
2.690515871206500265e-07
2.670446911379187327e-07
2.650527787251277800e-07
2.630756757993069073e-07
2.611133912422403114e-07
2.591656621531157612e-07
2.572324760974353808e-07
2.553137158356477698e-07
2.534092481409899733e-07
2.515190588026072760e-07
2.496428884724011255e-07
2.477807460321557187e-07
2.459325071368922977e-07
2.440980421125615862e-07
2.422772834576036871e-07
2.404701601177450243e-07
2.386764678119490668e-07
2.368960821952370566e-07
2.351290139257500300e-07
2.333751386585092291e-07
2.316343746811000415e-07
2.299065763322616363e-07
2.281915482127416794e-07
2.264893969039505350e-07
2.248000442461872694e-07
2.231231456262250390e-07
2.214588253890426017e-07
2.198069964931548270e-07
2.181674120249610382e-07
2.165400098119718564e-07
2.149247880778304420e-07
2.133216580046948252e-07
2.117304455095947446e-07
2.101511132890365730e-07
2.085835121290458005e-07
2.070276384769087485e-07
2.054834088438539652e-07
2.039506509232680287e-07
2.024293664915077784e-07
2.009193672547482379e-07
1.994206993982672316e-07
1.979332332480154832e-07
1.964567734047406589e-07
1.949913838172889768e-07
1.935369472461090368e-07
1.920932789500895410e-07
1.906604553125745838e-07
1.892382525126024007e-07
1.878267344990192100e-07
1.864256721217927293e-07
1.850350991317029070e-07
1.836548432221363214e-07
1.822849310384455634e-07
1.809252542228634297e-07
1.795756777722701258e-07
1.782361910285246154e-07
1.769066891865733737e-07
1.755871029684996643e-07
1.742773932944530202e-07
1.729773700942516257e-07
1.716870848822438234e-07
1.704064701568697160e-07
1.691353891386526698e-07
1.678737636678917511e-07
1.666215777573754053e-07
1.653786786404154441e-07
1.641451089495760129e-07
1.629206537456795445e-07
1.617054071756385270e-07
1.604992537762583993e-07
1.593020585444193671e-07
1.581137788475572847e-07
